Array
(
    [imagem] => http://192.168.137.96/RESINGOLA-main/Backend/uploads/img_680f97a76ba8a.jpg
    [images] => ["http://192.168.137.96/RESINGOLA-main/Backend/uploads/img_680f97a76ba8a.jpg"]
    [houseSize] => 15
    [status] => Arrendamento
    [typeResi] => Apartamento
    [typology] => T3
    [livingRoomCount] => 1
    [kitchenCount] => 1
    [hasWater] => 1
    [hasElectricity] => 1
    [bathroomCount] => 2
    [quintal] => 
    [andares] => 1
    [garagem] => 
    [varanda] => 
    [location] => Luanda, Rangel
    [price] => 85000
    [createdAt] => 2025-04-28T14:58:47.144Z
)
Array
(
    [imagem] => http://192.168.137.96/RESINGOLA-main/Backend/uploads/img_680f97b8da71c.jpg
    [images] => ["http://192.168.137.96/RESINGOLA-main/Backend/uploads/img_680f97b8da71c.jpg"]
    [houseSize] => 15
    [status] => Arrendamento
    [typeResi] => Apartamento
    [typology] => T3
    [livingRoomCount] => 1
    [kitchenCount] => 1
    [hasWater] => 1
    [hasElectricity] => 1
    [bathroomCount] => 2
    [quintal] => 
    [andares] => 1
    [garagem] => 
    [varanda] => 
    [location] => Luanda, Rangel
    [price] => 85000
    [createdAt] => 2025-04-28T14:59:04.568Z
)
Array
(
    [images] => Array
        (
            [0] => url_da_imagem1.jpg
            [1] => url_da_imagem2.jpg
        )

    [houseSize] => 120
    [status] => Venda
    [typeResi] => Apartamento
    [typology] => T2
    [livingRoomCount] => 1
    [kitchenCount] => 1
    [hasWater] => 1
    [hasElectricity] => 1
    [bathroomCount] => 1
    [quintal] => 
    [andares] => 1
    [garagem] => 
    [varanda] => 1
    [location] => Luanda, Maianga
    [price] => 150000
)
Array
(
    [images] => Array
        (
            [0] => apple.png
            [1] => facebook.png
        )

    [houseSize] => 120
    [status] => Venda
    [typeResi] => Apartamento
    [typology] => T2
    [livingRoomCount] => 1
    [kitchenCount] => 1
    [hasWater] => 1
    [hasElectricity] => 1
    [bathroomCount] => 1
    [quintal] => 
    [andares] => 1
    [garagem] => 
    [varanda] => 1
    [location] => Luanda, Maianga
    [price] => 150000
)
Array
(
    [images] => Array
        (
            [0] => apple.png
            [1] => facebook.png
        )

    [houseSize] => 120
    [status] => Venda
    [typeResi] => Apartamento
    [typology] => T2
    [livingRoomCount] => 1
    [kitchenCount] => 1
    [hasWater] => 1
    [hasElectricity] => 1
    [bathroomCount] => 1
    [quintal] => 
    [andares] => 1
    [garagem] => 
    [varanda] => 1
    [location] => Luanda, Maianga
    [price] => 150000
)


2025-05-07 14:54:48 - Requisição recebida
Dados recebidos: {
  "imagem": "image_1.png",
  "images": "[\"image_1.png\"]",
  "houseSize": 100,
  "status": "Venda",
  "typeResi": "Apartamento",
  "typology": "T2",
  "livingRoomCount": 1,
  "kitchenCount": 1,
  "hasWater": 1,
  "hasElectricity": 1,
  "bathroomCount": 1,
  "quintal": 0,
  "andares": 1,
  "garagem": 0,
  "varanda": 1,
  "location": "Teste",
  "price": 100000,
  "user_id": 70
}


2025-05-07 14:57:15 - Requisição recebida
Dados recebidos: {
  "imagem": "image_1.png",
  "images": "[\"image_1.png\"]",
  "houseSize": 100,
  "status": "Venda",
  "typeResi": "Apartamento",
  "typology": "T2",
  "livingRoomCount": 1,
  "kitchenCount": 1,
  "hasWater": 1,
  "hasElectricity": 1,
  "bathroomCount": 1,
  "quintal": 0,
  "andares": 1,
  "garagem": 0,
  "varanda": 1,
  "location": "Teste",
  "latitude": -9.09234, 
  "longitude": 13.175923,
  "price": 100000,
  "user_id": 70
}


2025-05-07 14:58:29 - Requisição recebida
Dados recebidos: {
    "images": ["test.jpg"],
    "houseSize": "100",
    "status": "Venda",
    "typeResi": "Apartamento",
    "typology": "T2",
    "livingRoomCount": "1",
    "kitchenCount": "1",
    "hasWater": true,
    "hasElectricity": true,
    "bathroomCount": "1",
    "quintal": false,
    "andares": "1",
    "garagem": false,
    "varanda": false,
    "location": "Luanda, Talatona",
    "latitude": -8.8383,
    "longitude": 13.2344,
    "price": "150000"
}


2025-05-07 14:59:03 - Requisição recebida
Dados recebidos: {
    "images": ["test.jpg"],
    "houseSize": "100",
    "status": "Venda",
    "typeResi": "Apartamento",
    "typology": "T2",
    "livingRoomCount": "1",
    "kitchenCount": "1",
    "hasWater": true,
    "hasElectricity": true,
    "bathroomCount": "1",
    "quintal": false,
    "andares": "1",
    "garagem": false,
    "varanda": false,
    "location": "Luanda, Talatona",
    "longitude": 13.2344,
    "latitude": -8.8383,
    "price": "150000"
}


2025-05-07 14:59:11 - Requisição recebida
Dados recebidos: {
    "images": ["test.jpg"],
    "houseSize": "100",
    "status": "Venda",
    "typeResi": "Apartamento",
    "typology": "T2",
    "livingRoomCount": "1",
    "kitchenCount": "1",
    "hasWater": true,
    "hasElectricity": true,
    "bathroomCount": "1",
    "quintal": false,
    "andares": "1",
    "garagem": false,
    "varanda": false,
    "location": "Luanda, Talatona",
    "longitude": 13.2344,
    "latitude": -8.8383,
    "price": "150000"
}


2025-05-07 14:59:42 - Requisição recebida
Dados recebidos: 


2025-05-07 14:59:50 - Requisição recebida
Dados recebidos: {
    "images": ["test.jpg"],
    "houseSize": "100",
    "status": "Venda",
    "typeResi": "Apartamento",
    "typology": "T2",
    "livingRoomCount": "1",
    "kitchenCount": "1",
    "hasWater": true,
    "hasElectricity": true,
    "bathroomCount": "1",
    "quintal": false,
    "andares": "1",
    "garagem": false,
    "varanda": false,
    "location": "Luanda, Talatona",
    "longitude": 13.2344,
    "latitude": -8.8383,
    "price": "150000"
}


2025-05-07 15:08:00 - Requisição recebida
Dados recebidos: {
    "images": ["test.jpg"],
    "houseSize": "100",
    "status": "Venda",
    "typeResi": "Apartamento",
    "typology": "T2",
    "livingRoomCount": "1",
    "kitchenCount": "1",
    "hasWater": true,
    "hasElectricity": true,
    "bathroomCount": "1",
    "quintal": false,
    "andares": "1",
    "garagem": false,
    "varanda": false,
    "location": "Luanda, Talatona",
    "longitude": 13.2344,
    "latitude": -8.8383,
    "price": "150000"
}


2025-05-07 15:26:30 - Requisição recebida
Dados recebidos: {
  "images": ["test.jpg"],
  "houseSize": "100",
  "status": "Venda",
  "typeResi": "Apartamento",
  "typology": "T2",
  "location": "Luanda, Talatona",
  "latitude": "-8.838333",
  "longitude": "13.234444",
  "price": "150000"
}


2025-05-07 15:45:16 - Requisição recebida
Dados recebidos: 
