[24-Apr-2025 03:43:33 Europe/Berlin] PHP Warning:  Undefined variable $conn in C:\Users\HP\PAP\htdocs\RESINGOLA-main\Backend\conect.php on line 64
[24-Apr-2025 03:43:33 Europe/Berlin] PHP Fatal error:  Uncaught Error: Call to a member function prepare() on null in C:\Users\HP\PAP\htdocs\RESINGOLA-main\Backend\conect.php:64
Stack trace:
#0 {main}
  thrown in C:\Users\HP\PAP\htdocs\RESINGOLA-main\Backend\conect.php on line 64
[24-Apr-2025 03:44:39 Europe/Berlin] PHP Warning:  Undefined variable $conn in C:\Users\HP\PAP\htdocs\RESINGOLA-main\Backend\conect.php on line 64
[24-Apr-2025 03:44:39 Europe/Berlin] PHP Fatal error:  Uncaught Error: Call to a member function prepare() on null in C:\Users\HP\PAP\htdocs\RESINGOLA-main\Backend\conect.php:64
Stack trace:
#0 {main}
  thrown in C:\Users\HP\PAP\htdocs\RESINGOLA-main\Backend\conect.php on line 64
[24-Apr-2025 03:44:46 Europe/Berlin] PHP Warning:  Undefined variable $conn in C:\Users\HP\PAP\htdocs\RESINGOLA-main\Backend\conect.php on line 64
[24-Apr-2025 03:44:46 Europe/Berlin] PHP Fatal error:  Uncaught Error: Call to a member function prepare() on null in C:\Users\HP\PAP\htdocs\RESINGOLA-main\Backend\conect.php:64
Stack trace:
#0 {main}
  thrown in C:\Users\HP\PAP\htdocs\RESINGOLA-main\Backend\conect.php on line 64
[24-Apr-2025 03:55:31 Europe/Berlin] PHP Warning:  Undefined variable $conn in C:\Users\HP\PAP\htdocs\RESINGOLA-main\Backend\conect.php on line 64
[24-Apr-2025 03:55:31 Europe/Berlin] PHP Fatal error:  Uncaught Error: Call to a member function prepare() on null in C:\Users\HP\PAP\htdocs\RESINGOLA-main\Backend\conect.php:64
Stack trace:
#0 {main}
  thrown in C:\Users\HP\PAP\htdocs\RESINGOLA-main\Backend\conect.php on line 64
[24-Apr-2025 03:55:35 Europe/Berlin] PHP Warning:  Undefined variable $conn in C:\Users\HP\PAP\htdocs\RESINGOLA-main\Backend\conect.php on line 64
[24-Apr-2025 03:55:35 Europe/Berlin] PHP Fatal error:  Uncaught Error: Call to a member function prepare() on null in C:\Users\HP\PAP\htdocs\RESINGOLA-main\Backend\conect.php:64
Stack trace:
#0 {main}
  thrown in C:\Users\HP\PAP\htdocs\RESINGOLA-main\Backend\conect.php on line 64
[24-Apr-2025 03:56:25 Europe/Berlin] PHP Warning:  Undefined variable $conn in C:\Users\HP\PAP\htdocs\RESINGOLA-main\Backend\conect.php on line 64
[24-Apr-2025 03:56:25 Europe/Berlin] PHP Fatal error:  Uncaught Error: Call to a member function prepare() on null in C:\Users\HP\PAP\htdocs\RESINGOLA-main\Backend\conect.php:64
Stack trace:
#0 {main}
  thrown in C:\Users\HP\PAP\htdocs\RESINGOLA-main\Backend\conect.php on line 64
[24-Apr-2025 04:01:46 Europe/Berlin] PHP Warning:  Undefined variable $conn in C:\Users\HP\PAP\htdocs\RESINGOLA-main\Backend\conect.php on line 64
[24-Apr-2025 04:01:46 Europe/Berlin] PHP Fatal error:  Uncaught Error: Call to a member function prepare() on null in C:\Users\HP\PAP\htdocs\RESINGOLA-main\Backend\conect.php:64
Stack trace:
#0 {main}
  thrown in C:\Users\HP\PAP\htdocs\RESINGOLA-main\Backend\conect.php on line 64
[24-Apr-2025 04:01:50 Europe/Berlin] PHP Warning:  Undefined variable $conn in C:\Users\HP\PAP\htdocs\RESINGOLA-main\Backend\conect.php on line 64
[24-Apr-2025 04:01:50 Europe/Berlin] PHP Fatal error:  Uncaught Error: Call to a member function prepare() on null in C:\Users\HP\PAP\htdocs\RESINGOLA-main\Backend\conect.php:64
Stack trace:
#0 {main}
  thrown in C:\Users\HP\PAP\htdocs\RESINGOLA-main\Backend\conect.php on line 64
[24-Apr-2025 04:02:24 Europe/Berlin] PHP Warning:  Undefined variable $conn in C:\Users\HP\PAP\htdocs\RESINGOLA-main\Backend\conect.php on line 66
[24-Apr-2025 04:02:24 Europe/Berlin] PHP Fatal error:  Uncaught Error: Call to a member function prepare() on null in C:\Users\HP\PAP\htdocs\RESINGOLA-main\Backend\conect.php:66
Stack trace:
#0 {main}
  thrown in C:\Users\HP\PAP\htdocs\RESINGOLA-main\Backend\conect.php on line 66
[24-Apr-2025 04:02:27 Europe/Berlin] PHP Warning:  Undefined variable $conn in C:\Users\HP\PAP\htdocs\RESINGOLA-main\Backend\conect.php on line 66
[24-Apr-2025 04:02:27 Europe/Berlin] PHP Fatal error:  Uncaught Error: Call to a member function prepare() on null in C:\Users\HP\PAP\htdocs\RESINGOLA-main\Backend\conect.php:66
Stack trace:
#0 {main}
  thrown in C:\Users\HP\PAP\htdocs\RESINGOLA-main\Backend\conect.php on line 66
[24-Apr-2025 04:02:44 Europe/Berlin] PHP Warning:  Undefined variable $conn in C:\Users\HP\PAP\htdocs\RESINGOLA-main\Backend\conect.php on line 66
[24-Apr-2025 04:02:44 Europe/Berlin] PHP Fatal error:  Uncaught Error: Call to a member function prepare() on null in C:\Users\HP\PAP\htdocs\RESINGOLA-main\Backend\conect.php:66
Stack trace:
#0 {main}
  thrown in C:\Users\HP\PAP\htdocs\RESINGOLA-main\Backend\conect.php on line 66
